<?xml version="1.0" encoding="UTF-8"?>
<!-- Generated by org.testng.reporters.JUnitReportReporter -->
<testsuite skipped="0" hostname="LAP-TZD-0x76360" name="com.tigerAir.mobileAutomation.testCases.SearchPageTests" tests="1" failures="0" timestamp="2019-12-22T23:47:30 IST" time="1.570" errors="0">
  <testcase name="SearchPageTitleTest" time="1.570" classname="com.tigerAir.mobileAutomation.testCases.SearchPageTests"/>
</testsuite> <!-- com.tigerAir.mobileAutomation.testCases.SearchPageTests -->
