<?xml version="1.0" encoding="UTF-8"?>
<!-- Generated by org.testng.reporters.JUnitReportReporter -->
<testsuite skipped="0" hostname="LAP-TZD-0x76360" name="com.tigerAir.mobileAutomation.testCases.BookingModuleTestCases" tests="1" failures="0" timestamp="2020-03-19T15:39:51 IST" time="218.549" errors="0">
  <testcase name="OneAdult_OneChild_Return_Currency_AUD_FareType_Light_Cabin_QueueJump_FOP_VISA_DB" time="218.549" classname="com.tigerAir.mobileAutomation.testCases.BookingModuleTestCases"/>
  <system-out/>
</testsuite> <!-- com.tigerAir.mobileAutomation.testCases.BookingModuleTestCases -->
