<?xml version="1.0" encoding="UTF-8"?>
<!-- Generated by org.testng.reporters.JUnitReportReporter -->
<testsuite skipped="0" hostname="LAP-TZD-0x76360" name="com.tigerAir.mobileAutomation.testCases.BookingModuleTestCases" tests="1" failures="0" timestamp="2020-03-30T10:03:56 IST" time="221.011" errors="0">
  <testcase name="OneAdult_OneWay_Currency_AUD_FareType_Light_FOP_VisaCC" time="221.011" classname="com.tigerAir.mobileAutomation.testCases.BookingModuleTestCases"/>
  <system-out/>
</testsuite> <!-- com.tigerAir.mobileAutomation.testCases.BookingModuleTestCases -->
